<?xml version="1.0" encoding="UTF-8"?>
<!-- Generated by org.testng.reporters.JUnitReportReporter -->
<testsuite hostname="DESKTOP-1GQAEG1" failures="0" tests="1" name="com.rolban.testscript.CampaignModule" time="2.542" errors="0" timestamp="2025-01-16T10:45:30 IST" skipped="0">
  <testcase classname="com.rolban.testscript.CampaignModule" name="demo" time="2.542">
    <system-out>
      <![CDATA[Maven project]]>
    </system-out>
  </testcase> <!-- demo -->
  <system-out>
    <![CDATA[Maven project]]>
  </system-out>
</testsuite> <!-- com.rolban.testscript.CampaignModule -->
